
*** Running vivado
    with args -log top_demo.vdi -applog -m64 -product Vivado -messageDb vivado.pb -mode batch -source top_demo.tcl -notrace



****** Vivado v2023.1.1 (64-bit)
  **** SW Build 3900603 on Fri Jun 16 19:31:24 MDT 2023
  **** IP Build 3900379 on Sat Jun 17 05:28:05 MDT 2023
  **** SharedData Build 3899622 on Fri Jun 16 03:34:24 MDT 2023
    ** Copyright 1986-2022 Xilinx, Inc. All Rights Reserved.
    ** Copyright 2022-2023 Advanced Micro Devices, Inc. All Rights Reserved.

source top_demo.tcl -notrace
Command: open_checkpoint C:/Users/jaashwa/Documents/GitHub/Lab-3/Lab3/Vivado/Lab1/Lab1.runs/impl_1/top_demo.dcp
INFO: [Device 21-403] Loading part xc7z020clg484-1
Netlist sorting complete. Time (s): cpu = 00:00:00 ; elapsed = 00:00:00.001 . Memory (MB): peak = 1941.996 ; gain = 0.000
INFO: [Netlist 29-17] Analyzing 12 Unisim elements for replacement
INFO: [Netlist 29-28] Unisim Transformation completed in 0 CPU seconds
INFO: [Project 1-479] Netlist was created with Vivado 2023.1.1
INFO: [Project 1-570] Preparing netlist for logic optimization
INFO: [Timing 38-478] Restoring timing data from binary archive.
INFO: [Timing 38-479] Binary timing data restore complete.
INFO: [Project 1-856] Restoring constraints from binary archive.
INFO: [Project 1-853] Binary constraint restore complete.
Reading XDEF placement.
Reading placer database...
Reading XDEF routing.
Read XDEF Files: Time (s): cpu = 00:00:00 ; elapsed = 00:00:00.078 . Memory (MB): peak = 2555.340 ; gain = 0.000
Restored from archive | CPU: 0.000000 secs | Memory: 0.000000 MB |
Finished XDEF File Restore: Time (s): cpu = 00:00:00 ; elapsed = 00:00:00.078 . Memory (MB): peak = 2555.340 ; gain = 0.000
Netlist sorting complete. Time (s): cpu = 00:00:00 ; elapsed = 00:00:00 . Memory (MB): peak = 2555.340 ; gain = 0.000
INFO: [Project 1-111] Unisim Transformation Summary:
No Unisim elements were transformed.

INFO: [Project 1-604] Checkpoint was created with Vivado v2023.1.1 (64-bit) build 3900603
open_checkpoint: Time (s): cpu = 00:00:14 ; elapsed = 00:00:23 . Memory (MB): peak = 2555.340 ; gain = 1209.930
Command: opt_design
Attempting to get a license for feature 'Implementation' and/or device 'xc7z020'
INFO: [Common 17-349] Got license for feature 'Implementation' and/or device 'xc7z020'
Running DRC as a precondition to command opt_design

Starting DRC Task
INFO: [DRC 23-27] Running DRC with 2 threads
INFO: [Project 1-461] DRC finished with 0 Errors
INFO: [Project 1-462] Please refer to the DRC report (report_drc) for more information.

Time (s): cpu = 00:00:01 ; elapsed = 00:00:00.758 . Memory (MB): peak = 2568.426 ; gain = 13.086

Starting Cache Timing Information Task
INFO: [Timing 38-35] Done setting XDC timing constraints.
Ending Cache Timing Information Task | Checksum: 1aa0c8847

Time (s): cpu = 00:00:00 ; elapsed = 00:00:00.029 . Memory (MB): peak = 2656.418 ; gain = 87.992

Starting Logic Optimization Task

Phase 1 Retarget
INFO: [Opt 31-138] Pushed 0 inverter(s) to 0 load pin(s).
INFO: [Opt 31-49] Retargeted 0 cell(s).
Phase 1 Retarget | Checksum: 1aa0c8847

Time (s): cpu = 00:00:00 ; elapsed = 00:00:00.049 . Memory (MB): peak = 2992.398 ; gain = 0.000
INFO: [Opt 31-389] Phase Retarget created 0 cells and removed 0 cells

Phase 2 Constant propagation
INFO: [Opt 31-138] Pushed 0 inverter(s) to 0 load pin(s).
Phase 2 Constant propagation | Checksum: 1aa0c8847

Time (s): cpu = 00:00:00 ; elapsed = 00:00:00.050 . Memory (MB): peak = 2992.398 ; gain = 0.000
INFO: [Opt 31-389] Phase Constant propagation created 0 cells and removed 0 cells

Phase 3 Sweep
Phase 3 Sweep | Checksum: 1abff86a4

Time (s): cpu = 00:00:00 ; elapsed = 00:00:00.052 . Memory (MB): peak = 2992.398 ; gain = 0.000
INFO: [Opt 31-389] Phase Sweep created 0 cells and removed 0 cells

Phase 4 BUFG optimization
Phase 4 BUFG optimization | Checksum: 1abff86a4

Time (s): cpu = 00:00:00 ; elapsed = 00:00:00.074 . Memory (MB): peak = 2992.398 ; gain = 0.000
INFO: [Opt 31-662] Phase BUFG optimization created 0 cells of which 0 are BUFGs and removed 0 cells.

Phase 5 Shift Register Optimization
INFO: [Opt 31-1064] SRL Remap converted 0 SRLs to 0 registers and converted 0 registers of register chains to 0 SRLs
Phase 5 Shift Register Optimization | Checksum: 185a70b59

Time (s): cpu = 00:00:00 ; elapsed = 00:00:00.082 . Memory (MB): peak = 2992.398 ; gain = 0.000
INFO: [Opt 31-389] Phase Shift Register Optimization created 0 cells and removed 0 cells

Phase 6 Post Processing Netlist
Phase 6 Post Processing Netlist | Checksum: 185a70b59

Time (s): cpu = 00:00:00 ; elapsed = 00:00:00.083 . Memory (MB): peak = 2992.398 ; gain = 0.000
INFO: [Opt 31-389] Phase Post Processing Netlist created 0 cells and removed 0 cells
Opt_design Change Summary
=========================


-------------------------------------------------------------------------------------------------------------------------
|  Phase                        |  #Cells created  |  #Cells Removed  |  #Constrained objects preventing optimizations  |
-------------------------------------------------------------------------------------------------------------------------
|  Retarget                     |               0  |               0  |                                              0  |
|  Constant propagation         |               0  |               0  |                                              0  |
|  Sweep                        |               0  |               0  |                                              0  |
|  BUFG optimization            |               0  |               0  |                                              0  |
|  Shift Register Optimization  |               0  |               0  |                                              0  |
|  Post Processing Netlist      |               0  |               0  |                                              0  |
-------------------------------------------------------------------------------------------------------------------------



Starting Connectivity Check Task

Time (s): cpu = 00:00:00 ; elapsed = 00:00:00 . Memory (MB): peak = 2992.398 ; gain = 0.000
Ending Logic Optimization Task | Checksum: 185a70b59

Time (s): cpu = 00:00:00 ; elapsed = 00:00:00.084 . Memory (MB): peak = 2992.398 ; gain = 0.000

Starting Power Optimization Task
INFO: [Pwropt 34-132] Skipping clock gating for clocks with a period < 2.00 ns.
Ending Power Optimization Task | Checksum: 185a70b59

Time (s): cpu = 00:00:00 ; elapsed = 00:00:00.010 . Memory (MB): peak = 2992.398 ; gain = 0.000

Starting Final Cleanup Task
Ending Final Cleanup Task | Checksum: 185a70b59

Time (s): cpu = 00:00:00 ; elapsed = 00:00:00 . Memory (MB): peak = 2992.398 ; gain = 0.000

Starting Netlist Obfuscation Task
Netlist sorting complete. Time (s): cpu = 00:00:00 ; elapsed = 00:00:00 . Memory (MB): peak = 2992.398 ; gain = 0.000
Ending Netlist Obfuscation Task | Checksum: 185a70b59

Time (s): cpu = 00:00:00 ; elapsed = 00:00:00 . Memory (MB): peak = 2992.398 ; gain = 0.000
INFO: [Common 17-83] Releasing license: Implementation
28 Infos, 0 Warnings, 0 Critical Warnings and 0 Errors encountered.
opt_design completed successfully
INFO: [runtcl-4] Executing : report_drc -file top_demo_drc_opted.rpt -pb top_demo_drc_opted.pb -rpx top_demo_drc_opted.rpx
Command: report_drc -file top_demo_drc_opted.rpt -pb top_demo_drc_opted.pb -rpx top_demo_drc_opted.rpx
INFO: [IP_Flow 19-234] Refreshing IP repositories
INFO: [IP_Flow 19-1704] No user IP repositories specified
INFO: [IP_Flow 19-2313] Loaded Vivado IP repository 'C:/Xilinx/Vivado/2023.1/data/ip'.
INFO: [DRC 23-27] Running DRC with 2 threads
INFO: [Vivado_Tcl 2-168] The results of DRC are in file C:/Users/jaashwa/Documents/GitHub/Lab-3/Lab3/Vivado/Lab1/Lab1.runs/impl_1/top_demo_drc_opted.rpt.
report_drc completed successfully
INFO: [Timing 38-480] Writing timing data to binary archive.
Writing XDEF routing.
Writing XDEF routing logical nets.
Writing XDEF routing special nets.
Write XDEF Complete: Time (s): cpu = 00:00:00 ; elapsed = 00:00:00.044 . Memory (MB): peak = 2992.398 ; gain = 0.000
INFO: [Common 17-1381] The checkpoint 'C:/Users/jaashwa/Documents/GitHub/Lab-3/Lab3/Vivado/Lab1/Lab1.runs/impl_1/top_demo_opt.dcp' has been generated.
Command: place_design
Attempting to get a license for feature 'Implementation' and/or device 'xc7z020'
INFO: [Common 17-349] Got license for feature 'Implementation' and/or device 'xc7z020'
INFO: [DRC 23-27] Running DRC with 2 threads
INFO: [Vivado_Tcl 4-198] DRC finished with 0 Errors
INFO: [Vivado_Tcl 4-199] Please refer to the DRC report (report_drc) for more information.
Running DRC as a precondition to command place_design
INFO: [DRC 23-27] Running DRC with 2 threads
INFO: [Vivado_Tcl 4-198] DRC finished with 0 Errors
INFO: [Vivado_Tcl 4-199] Please refer to the DRC report (report_drc) for more information.

Starting Placer Task
INFO: [Place 30-611] Multithreading enabled for place_design using a maximum of 2 CPUs

Phase 1 Placer Initialization

Phase 1.1 Placer Initialization Netlist Sorting
Netlist sorting complete. Time (s): cpu = 00:00:00 ; elapsed = 00:00:00 . Memory (MB): peak = 2992.398 ; gain = 0.000
Phase 1.1 Placer Initialization Netlist Sorting | Checksum: 166feecc9

Time (s): cpu = 00:00:00 ; elapsed = 00:00:00.011 . Memory (MB): peak = 2992.398 ; gain = 0.000
Netlist sorting complete. Time (s): cpu = 00:00:00 ; elapsed = 00:00:00 . Memory (MB): peak = 2992.398 ; gain = 0.000

Phase 1.2 IO Placement/ Clock Placement/ Build Placer Device
INFO: [Timing 38-35] Done setting XDC timing constraints.
WARNING: [Place 30-568] A LUT 'driver/FSM_sequential_CURRENT_STATE[1]_i_2' is driving clock pin of 2 registers. This could lead to large hold time violations. First few involved registers are:
	driver/FSM_sequential_CURRENT_STATE_reg[1] {FDRE}
	driver/FSM_sequential_CURRENT_STATE_reg[0] {FDRE}
Phase 1.2 IO Placement/ Clock Placement/ Build Placer Device | Checksum: c5c326f1

Time (s): cpu = 00:00:01 ; elapsed = 00:00:00.253 . Memory (MB): peak = 2992.398 ; gain = 0.000

Phase 1.3 Build Placer Netlist Model
Phase 1.3 Build Placer Netlist Model | Checksum: e557d1e6

Time (s): cpu = 00:00:01 ; elapsed = 00:00:00.269 . Memory (MB): peak = 2992.398 ; gain = 0.000

Phase 1.4 Constrain Clocks/Macros
Phase 1.4 Constrain Clocks/Macros | Checksum: e557d1e6

Time (s): cpu = 00:00:01 ; elapsed = 00:00:00.271 . Memory (MB): peak = 2992.398 ; gain = 0.000
Phase 1 Placer Initialization | Checksum: e557d1e6

Time (s): cpu = 00:00:01 ; elapsed = 00:00:00.272 . Memory (MB): peak = 2992.398 ; gain = 0.000

Phase 2 Global Placement

Phase 2.1 Floorplanning
Phase 2.1 Floorplanning | Checksum: e557d1e6

Time (s): cpu = 00:00:01 ; elapsed = 00:00:00.273 . Memory (MB): peak = 2992.398 ; gain = 0.000

Phase 2.2 Update Timing before SLR Path Opt
Phase 2.2 Update Timing before SLR Path Opt | Checksum: e557d1e6

Time (s): cpu = 00:00:01 ; elapsed = 00:00:00.274 . Memory (MB): peak = 2992.398 ; gain = 0.000

Phase 2.3 Post-Processing in Floorplanning
Phase 2.3 Post-Processing in Floorplanning | Checksum: e557d1e6

Time (s): cpu = 00:00:01 ; elapsed = 00:00:00.274 . Memory (MB): peak = 2992.398 ; gain = 0.000

Phase 2.4 Global Placement Core
WARNING: [Place 46-29] Timing had been disabled during Placer and, therefore, physical synthesis in Placer will be skipped.
Phase 2.4 Global Placement Core | Checksum: 14fc679a0

Time (s): cpu = 00:00:02 ; elapsed = 00:00:00.598 . Memory (MB): peak = 2992.398 ; gain = 0.000
Phase 2 Global Placement | Checksum: 14fc679a0

Time (s): cpu = 00:00:02 ; elapsed = 00:00:00.601 . Memory (MB): peak = 2992.398 ; gain = 0.000

Phase 3 Detail Placement

Phase 3.1 Commit Multi Column Macros
Phase 3.1 Commit Multi Column Macros | Checksum: 14fc679a0

Time (s): cpu = 00:00:02 ; elapsed = 00:00:00.603 . Memory (MB): peak = 2992.398 ; gain = 0.000

Phase 3.2 Commit Most Macros & LUTRAMs
Phase 3.2 Commit Most Macros & LUTRAMs | Checksum: 127a12483

Time (s): cpu = 00:00:02 ; elapsed = 00:00:00.608 . Memory (MB): peak = 2992.398 ; gain = 0.000

Phase 3.3 Area Swap Optimization
Phase 3.3 Area Swap Optimization | Checksum: 1548d21e2

Time (s): cpu = 00:00:02 ; elapsed = 00:00:00.615 . Memory (MB): peak = 2992.398 ; gain = 0.000

Phase 3.4 Pipeline Register Optimization
Phase 3.4 Pipeline Register Optimization | Checksum: 1548d21e2

Time (s): cpu = 00:00:02 ; elapsed = 00:00:00.615 . Memory (MB): peak = 2992.398 ; gain = 0.000

Phase 3.5 Small Shape Detail Placement
Phase 3.5 Small Shape Detail Placement | Checksum: 2716e12e

Time (s): cpu = 00:00:02 ; elapsed = 00:00:00.703 . Memory (MB): peak = 2992.398 ; gain = 0.000

Phase 3.6 Re-assign LUT pins
Phase 3.6 Re-assign LUT pins | Checksum: 2716e12e

Time (s): cpu = 00:00:02 ; elapsed = 00:00:00.705 . Memory (MB): peak = 2992.398 ; gain = 0.000

Phase 3.7 Pipeline Register Optimization
Phase 3.7 Pipeline Register Optimization | Checksum: 2716e12e

Time (s): cpu = 00:00:02 ; elapsed = 00:00:00.708 . Memory (MB): peak = 2992.398 ; gain = 0.000
Phase 3 Detail Placement | Checksum: 2716e12e

Time (s): cpu = 00:00:02 ; elapsed = 00:00:00.708 . Memory (MB): peak = 2992.398 ; gain = 0.000

Phase 4 Post Placement Optimization and Clean-Up

Phase 4.1 Post Commit Optimization
Phase 4.1 Post Commit Optimization | Checksum: 2716e12e

Time (s): cpu = 00:00:02 ; elapsed = 00:00:00.741 . Memory (MB): peak = 2992.398 ; gain = 0.000

Phase 4.2 Post Placement Cleanup
Phase 4.2 Post Placement Cleanup | Checksum: 2716e12e

Time (s): cpu = 00:00:02 ; elapsed = 00:00:00.745 . Memory (MB): peak = 2992.398 ; gain = 0.000

Phase 4.3 Placer Reporting

Phase 4.3.1 Print Estimated Congestion
INFO: [Place 30-612] Post-Placement Estimated Congestion 
 ____________________________________________________
|           | Global Congestion | Short Congestion  |
| Direction | Region Size       | Region Size       |
|___________|___________________|___________________|
|      North|                1x1|                1x1|
|___________|___________________|___________________|
|      South|                1x1|                1x1|
|___________|___________________|___________________|
|       East|                1x1|                1x1|
|___________|___________________|___________________|
|       West|                1x1|                1x1|
|___________|___________________|___________________|

Phase 4.3.1 Print Estimated Congestion | Checksum: 2716e12e

Time (s): cpu = 00:00:02 ; elapsed = 00:00:00.746 . Memory (MB): peak = 2992.398 ; gain = 0.000
Phase 4.3 Placer Reporting | Checksum: 2716e12e

Time (s): cpu = 00:00:02 ; elapsed = 00:00:00.746 . Memory (MB): peak = 2992.398 ; gain = 0.000

Phase 4.4 Final Placement Cleanup
Netlist sorting complete. Time (s): cpu = 00:00:00 ; elapsed = 00:00:00 . Memory (MB): peak = 2992.398 ; gain = 0.000

Time (s): cpu = 00:00:02 ; elapsed = 00:00:00.747 . Memory (MB): peak = 2992.398 ; gain = 0.000
Phase 4 Post Placement Optimization and Clean-Up | Checksum: 9195763b

Time (s): cpu = 00:00:02 ; elapsed = 00:00:00.747 . Memory (MB): peak = 2992.398 ; gain = 0.000
Ending Placer Task | Checksum: 834a928b

Time (s): cpu = 00:00:02 ; elapsed = 00:00:00.748 . Memory (MB): peak = 2992.398 ; gain = 0.000
INFO: [Common 17-83] Releasing license: Implementation
47 Infos, 2 Warnings, 0 Critical Warnings and 0 Errors encountered.
place_design completed successfully
INFO: [runtcl-4] Executing : report_io -file top_demo_io_placed.rpt
report_io: Time (s): cpu = 00:00:00 ; elapsed = 00:00:00.061 . Memory (MB): peak = 2992.398 ; gain = 0.000
INFO: [runtcl-4] Executing : report_utilization -file top_demo_utilization_placed.rpt -pb top_demo_utilization_placed.pb
INFO: [runtcl-4] Executing : report_control_sets -verbose -file top_demo_control_sets_placed.rpt
report_control_sets: Time (s): cpu = 00:00:00 ; elapsed = 00:00:00.001 . Memory (MB): peak = 2992.398 ; gain = 0.000
INFO: [Timing 38-480] Writing timing data to binary archive.
Writing XDEF routing.
Writing XDEF routing logical nets.
Writing XDEF routing special nets.
Write XDEF Complete: Time (s): cpu = 00:00:00 ; elapsed = 00:00:00.041 . Memory (MB): peak = 2992.398 ; gain = 0.000
INFO: [Common 17-1381] The checkpoint 'C:/Users/jaashwa/Documents/GitHub/Lab-3/Lab3/Vivado/Lab1/Lab1.runs/impl_1/top_demo_placed.dcp' has been generated.
Command: phys_opt_design
Attempting to get a license for feature 'Implementation' and/or device 'xc7z020'
INFO: [Common 17-349] Got license for feature 'Implementation' and/or device 'xc7z020'

Starting Initial Update Timing Task

Time (s): cpu = 00:00:00 ; elapsed = 00:00:00.013 . Memory (MB): peak = 2993.840 ; gain = 1.441
INFO: [Vivado_Tcl 4-235] No timing constraint found. The netlist was not modified.
INFO: [Common 17-83] Releasing license: Implementation
55 Infos, 2 Warnings, 0 Critical Warnings and 0 Errors encountered.
phys_opt_design completed successfully
INFO: [Timing 38-480] Writing timing data to binary archive.
Writing XDEF routing.
Writing XDEF routing logical nets.
Writing XDEF routing special nets.
Write XDEF Complete: Time (s): cpu = 00:00:00 ; elapsed = 00:00:00.039 . Memory (MB): peak = 3011.707 ; gain = 5.980
INFO: [Common 17-1381] The checkpoint 'C:/Users/jaashwa/Documents/GitHub/Lab-3/Lab3/Vivado/Lab1/Lab1.runs/impl_1/top_demo_physopt.dcp' has been generated.
Command: route_design
Attempting to get a license for feature 'Implementation' and/or device 'xc7z020'
INFO: [Common 17-349] Got license for feature 'Implementation' and/or device 'xc7z020'
Running DRC as a precondition to command route_design
INFO: [DRC 23-27] Running DRC with 2 threads
INFO: [Vivado_Tcl 4-198] DRC finished with 0 Errors
INFO: [Vivado_Tcl 4-199] Please refer to the DRC report (report_drc) for more information.


Starting Routing Task
INFO: [Route 35-254] Multithreading enabled for route_design using a maximum of 2 CPUs

Phase 1 Build RT Design
Checksum: PlaceDB: 82dbd5d ConstDB: 0 ShapeSum: 7b1cd52e RouteDB: 0
Post Restoration Checksum: NetGraph: 9c868427 | NumContArr: 5a58bed3 | Constraints: 190a55ad | Timing: 0
Phase 1 Build RT Design | Checksum: 10fe998a7

Time (s): cpu = 00:00:19 ; elapsed = 00:00:17 . Memory (MB): peak = 3101.594 ; gain = 80.773

Phase 2 Router Initialization
INFO: [Route 35-64] No timing constraints were detected. The router will operate in resource-optimization mode.

Phase 2.1 Fix Topology Constraints
Phase 2.1 Fix Topology Constraints | Checksum: 10fe998a7

Time (s): cpu = 00:00:19 ; elapsed = 00:00:17 . Memory (MB): peak = 3108.250 ; gain = 87.430

Phase 2.2 Pre Route Cleanup
Phase 2.2 Pre Route Cleanup | Checksum: 10fe998a7

Time (s): cpu = 00:00:19 ; elapsed = 00:00:17 . Memory (MB): peak = 3108.250 ; gain = 87.430
 Number of Nodes with overlaps = 0

Router Utilization Summary
  Global Vertical Routing Utilization    = 0 %
  Global Horizontal Routing Utilization  = 0 %
  Routable Net Status*
  *Does not include unroutable nets such as driverless and loadless.
  Run report_route_status for detailed report.
  Number of Failed Nets               = 90
    (Failed Nets is the sum of unrouted and partially routed nets)
  Number of Unrouted Nets             = 90
  Number of Partially Routed Nets     = 0
  Number of Node Overlaps             = 0

Phase 2 Router Initialization | Checksum: 107ec414b

Time (s): cpu = 00:00:20 ; elapsed = 00:00:18 . Memory (MB): peak = 3124.145 ; gain = 103.324

Phase 3 Initial Routing

Phase 3.1 Global Routing
Phase 3.1 Global Routing | Checksum: 107ec414b

Time (s): cpu = 00:00:20 ; elapsed = 00:00:18 . Memory (MB): peak = 3124.145 ; gain = 103.324
Phase 3 Initial Routing | Checksum: 161d98648

Time (s): cpu = 00:00:20 ; elapsed = 00:00:18 . Memory (MB): peak = 3124.145 ; gain = 103.324

Phase 4 Rip-up And Reroute

Phase 4.1 Global Iteration 0
 Number of Nodes with overlaps = 2
 Number of Nodes with overlaps = 0
Phase 4.1 Global Iteration 0 | Checksum: 7b78d5e7

Time (s): cpu = 00:00:20 ; elapsed = 00:00:18 . Memory (MB): peak = 3124.145 ; gain = 103.324
Phase 4 Rip-up And Reroute | Checksum: 7b78d5e7

Time (s): cpu = 00:00:20 ; elapsed = 00:00:18 . Memory (MB): peak = 3124.145 ; gain = 103.324

Phase 5 Delay and Skew Optimization
Phase 5 Delay and Skew Optimization | Checksum: 7b78d5e7

Time (s): cpu = 00:00:20 ; elapsed = 00:00:18 . Memory (MB): peak = 3124.145 ; gain = 103.324

Phase 6 Post Hold Fix

Phase 6.1 Hold Fix Iter
Phase 6.1 Hold Fix Iter | Checksum: 7b78d5e7

Time (s): cpu = 00:00:20 ; elapsed = 00:00:18 . Memory (MB): peak = 3124.145 ; gain = 103.324
Phase 6 Post Hold Fix | Checksum: 7b78d5e7

Time (s): cpu = 00:00:20 ; elapsed = 00:00:18 . Memory (MB): peak = 3124.145 ; gain = 103.324

Phase 7 Route finalize

Router Utilization Summary
  Global Vertical Routing Utilization    = 0.0251631 %
  Global Horizontal Routing Utilization  = 0.0371873 %
  Routable Net Status*
  *Does not include unroutable nets such as driverless and loadless.
  Run report_route_status for detailed report.
  Number of Failed Nets               = 0
    (Failed Nets is the sum of unrouted and partially routed nets)
  Number of Unrouted Nets             = 0
  Number of Partially Routed Nets     = 0
  Number of Node Overlaps             = 0


--GLOBAL Congestion:
Utilization threshold used for congestion level computation: 0.85
Congestion Report
North Dir 1x1 Area, Max Cong = 16.2162%, No Congested Regions.
South Dir 1x1 Area, Max Cong = 16.2162%, No Congested Regions.
East Dir 1x1 Area, Max Cong = 23.5294%, No Congested Regions.
West Dir 1x1 Area, Max Cong = 17.6471%, No Congested Regions.

------------------------------
Reporting congestion hotspots
------------------------------
Direction: North
----------------
Congested clusters found at Level 0
Effective congestion level: 0 Aspect Ratio: 1 Sparse Ratio: 0
Direction: South
----------------
Congested clusters found at Level 0
Effective congestion level: 0 Aspect Ratio: 1 Sparse Ratio: 0
Direction: East
----------------
Congested clusters found at Level 0
Effective congestion level: 0 Aspect Ratio: 1 Sparse Ratio: 0
Direction: West
----------------
Congested clusters found at Level 0
Effective congestion level: 0 Aspect Ratio: 1 Sparse Ratio: 0

Phase 7 Route finalize | Checksum: 7b78d5e7

Time (s): cpu = 00:00:20 ; elapsed = 00:00:18 . Memory (MB): peak = 3124.145 ; gain = 103.324

Phase 8 Verifying routed nets

 Verification completed successfully
Phase 8 Verifying routed nets | Checksum: 7b78d5e7

Time (s): cpu = 00:00:20 ; elapsed = 00:00:18 . Memory (MB): peak = 3124.145 ; gain = 103.324

Phase 9 Depositing Routes
Phase 9 Depositing Routes | Checksum: c02e497f

Time (s): cpu = 00:00:20 ; elapsed = 00:00:18 . Memory (MB): peak = 3124.145 ; gain = 103.324
INFO: [Route 35-16] Router Completed Successfully

Phase 10 Post-Route Event Processing
Phase 10 Post-Route Event Processing | Checksum: 10fab4eb1

Time (s): cpu = 00:00:20 ; elapsed = 00:00:18 . Memory (MB): peak = 3124.145 ; gain = 103.324

Time (s): cpu = 00:00:20 ; elapsed = 00:00:18 . Memory (MB): peak = 3124.145 ; gain = 103.324

Routing Is Done.
INFO: [Common 17-83] Releasing license: Implementation
65 Infos, 2 Warnings, 0 Critical Warnings and 0 Errors encountered.
route_design completed successfully
route_design: Time (s): cpu = 00:00:21 ; elapsed = 00:00:22 . Memory (MB): peak = 3124.145 ; gain = 112.438
INFO: [runtcl-4] Executing : report_drc -file top_demo_drc_routed.rpt -pb top_demo_drc_routed.pb -rpx top_demo_drc_routed.rpx
Command: report_drc -file top_demo_drc_routed.rpt -pb top_demo_drc_routed.pb -rpx top_demo_drc_routed.rpx
INFO: [IP_Flow 19-1839] IP Catalog is up to date.
INFO: [DRC 23-27] Running DRC with 2 threads
INFO: [Vivado_Tcl 2-168] The results of DRC are in file C:/Users/jaashwa/Documents/GitHub/Lab-3/Lab3/Vivado/Lab1/Lab1.runs/impl_1/top_demo_drc_routed.rpt.
report_drc completed successfully
INFO: [runtcl-4] Executing : report_methodology -file top_demo_methodology_drc_routed.rpt -pb top_demo_methodology_drc_routed.pb -rpx top_demo_methodology_drc_routed.rpx
Command: report_methodology -file top_demo_methodology_drc_routed.rpt -pb top_demo_methodology_drc_routed.pb -rpx top_demo_methodology_drc_routed.rpx
INFO: [Timing 38-35] Done setting XDC timing constraints.
INFO: [DRC 23-133] Running Methodology with 2 threads
INFO: [Vivado_Tcl 2-1520] The results of Report Methodology are in file C:/Users/jaashwa/Documents/GitHub/Lab-3/Lab3/Vivado/Lab1/Lab1.runs/impl_1/top_demo_methodology_drc_routed.rpt.
report_methodology completed successfully
INFO: [runtcl-4] Executing : report_power -file top_demo_power_routed.rpt -pb top_demo_power_summary_routed.pb -rpx top_demo_power_routed.rpx
Command: report_power -file top_demo_power_routed.rpt -pb top_demo_power_summary_routed.pb -rpx top_demo_power_routed.rpx
INFO: [Timing 38-35] Done setting XDC timing constraints.
WARNING: [Power 33-232] No user defined clocks were found in the design! Power estimation will be inaccurate until this is corrected.
Resolution: Please specify clocks using create_clock/create_generated_clock for sequential elements. For pure combinatorial circuits, please specify a virtual clock, otherwise the vectorless estimation might be inaccurate
Running Vector-less Activity Propagation...

Finished Running Vector-less Activity Propagation
75 Infos, 3 Warnings, 0 Critical Warnings and 0 Errors encountered.
report_power completed successfully
INFO: [runtcl-4] Executing : report_route_status -file top_demo_route_status.rpt -pb top_demo_route_status.pb
INFO: [runtcl-4] Executing : report_timing_summary -max_paths 10 -file top_demo_timing_summary_routed.rpt -pb top_demo_timing_summary_routed.pb -rpx top_demo_timing_summary_routed.rpx -warn_on_violation 
INFO: [Timing 38-91] UpdateTimingParams: Speed grade: -1, Delay Type: min_max.
INFO: [Timing 38-191] Multithreading enabled for timing update using a maximum of 2 CPUs
WARNING: [Timing 38-313] There are no user specified timing constraints. Timing constraints are needed for proper timing analysis.
INFO: [runtcl-4] Executing : report_incremental_reuse -file top_demo_incremental_reuse_routed.rpt
INFO: [Vivado_Tcl 4-1062] Incremental flow is disabled. No incremental reuse Info to report.
INFO: [runtcl-4] Executing : report_clock_utilization -file top_demo_clock_utilization_routed.rpt
INFO: [runtcl-4] Executing : report_bus_skew -warn_on_violation -file top_demo_bus_skew_routed.rpt -pb top_demo_bus_skew_routed.pb -rpx top_demo_bus_skew_routed.rpx
INFO: [Timing 38-91] UpdateTimingParams: Speed grade: -1, Delay Type: min_max.
INFO: [Timing 38-191] Multithreading enabled for timing update using a maximum of 2 CPUs
INFO: [runtcl-4] Executing : report_utilization -file route_report_utilization_0.rpt -pb route_report_utilization_0.pb
INFO: [runtcl-4] Executing : report_timing -file route_report_timing_0.rpt -rpx route_report_timing_0.rpx
INFO: [Timing 38-91] UpdateTimingParams: Speed grade: -1, Delay Type: max.
INFO: [Timing 38-191] Multithreading enabled for timing update using a maximum of 2 CPUs
INFO: [Timing 38-78] ReportTimingParams: -max_paths 1 -nworst 1 -delay_type max -sort_by slack.
INFO: [Timing 38-480] Writing timing data to binary archive.
Writing XDEF routing.
Writing XDEF routing logical nets.
Writing XDEF routing special nets.
Write XDEF Complete: Time (s): cpu = 00:00:00 ; elapsed = 00:00:00.040 . Memory (MB): peak = 3162.605 ; gain = 0.000
INFO: [Common 17-1381] The checkpoint 'C:/Users/jaashwa/Documents/GitHub/Lab-3/Lab3/Vivado/Lab1/Lab1.runs/impl_1/top_demo_routed.dcp' has been generated.
INFO: [Common 17-206] Exiting Vivado at Wed Apr 10 17:20:46 2024...
