x 0 0 || 000000
x 0 0 || 000000
x 0 0 || 000000
x 0 0 || 000000
x 1 0 || 000000
x 1 0 || 001000
x 1 0 || 011000
x 1 0 || 111000
x 0 1 || 000000
x 0 1 || 000100
x 0 1 || 000110
x 0 1 || 000111
x 1 1 || 000000
x 1 1 || 001100
x 1 1 || 011110
x 1 1 || 111111
x 1 0 || 000000
x 1 0 || 001000
1 1 0 || 000000
1 1 0 || 000000
1 1 0 || 000000
1 1 0 || 000000
1 1 0 || 000000
1 1 0 || 000000
1 1 0 || 000000
1 1 0 || 000000
1 1 0 || 000000
1 1 0 || 000000
1 1 0 || 000000
1 1 0 || 000000
1 1 0 || 000000
1 1 0 || 000000
1 1 0 || 000000
1 1 0 || 000000
1 1 0 || 000000
1 1 0 || 000000
1 1 0 || 000000
1 1 0 || 000000
1 1 0 || 000000
1 1 0 || 000000
1 1 0 || 000000
1 1 0 || 000000
1 1 0 || 000000
1 1 0 || 000000
1 1 0 || 000000
1 1 0 || 000000
1 1 0 || 000000
1 1 0 || 000000
1 1 0 || 000000
1 1 0 || 000000
